#-----------------------------------------------------------
# Vivado v2020.1 (64-bit)
# SW Build 2902540 on Wed May 27 19:54:49 MDT 2020
# IP Build 2902112 on Wed May 27 22:43:36 MDT 2020
# Start of session at: Sat Apr 18 23:56:32 2026
# Process ID: 17084
# Current directory: D:/CA_Project/SingleCycle_CA
# Command line: vivado.exe -gui_launcher_event rodinguilauncherevent16612 D:\CA_Project\SingleCycle_CA\SingleCycle_CA.xpr
# Log file: D:/CA_Project/SingleCycle_CA/vivado.log
# Journal file: D:/CA_Project/SingleCycle_CA\vivado.jou
#-----------------------------------------------------------
start_gui
open_project D:/CA_Project/SingleCycle_CA/SingleCycle_CA.xpr
Scanning sources...
Finished scanning sources
INFO: [IP_Flow 19-234] Refreshing IP repositories
INFO: [IP_Flow 19-1704] No user IP repositories specified
INFO: [IP_Flow 19-2313] Loaded Vivado IP repository 'C:/Xilinx/Vivado/2020.1/data/ip'.
exit
INFO: [Common 17-206] Exiting Vivado at Sat Apr 18 23:57:27 2026...
: peak = 1015.352 ; gain = 0.000
close [ open D:/CA_Project/SingleCycle_CA/SingleCycle_CA.srcs/sources_1/new/lab10.mem w ]
add_files D:/CA_Project/SingleCycle_CA/SingleCycle_CA.srcs/sources_1/new/lab10.mem
reset_run synth_1
WARNING: [Vivado 12-1017] Problems encountered:
1. Failed to delete one or more files in run directory D:/CA_Project/SingleCycle_CA/SingleCycle_CA.runs/synth_1

launch_runs impl_1 -jobs 6
[Sat Apr 18 23:57:19 2026] Launched synth_1...
Run output will be captured here: D:/CA_Project/SingleCycle_CA/SingleCycle_CA.runs/synth_1/runme.log
[Sat Apr 18 23:57:19 2026] Launched impl_1...
Run output will be captured here: D:/CA_Project/SingleCycle_CA/SingleCycle_CA.runs/impl_1/runme.log
open_run impl_1
INFO: [Device 21-403] Loading part xc7a35tcpg236-1
Netlist sorting complete. Time (s): cpu = 00:00:00 ; elapsed = 00:00:00 . Memory (MB): peak = 1159.668 ; gain = 0.000
INFO: [Netlist 29-17] Analyzing 5 Unisim elements for replacement
INFO: [Netlist 29-28] Unisim Transformation completed in 0 CPU seconds
INFO: [Project 1-479] Netlist was created with Vivado 2020.1
INFO: [Project 1-570] Preparing netlist for logic optimization
INFO: [Timing 38-478] Restoring timing data from binary archive.
INFO: [Timing 38-479] Binary timing data restore complete.
INFO: [Project 1-856] Restoring constraints from binary archive.
INFO: [Project 1-853] Binary constraint restore complete.
Reading XDEF placement.
Reading placer database...
Reading XDEF routing.
Read XDEF File: Time (s): cpu = 00:00:00 ; elapsed = 00:00:00.020 . Memory (MB): peak = 1804.121 ; gain = 0.000
Restored from archive | CPU: 0.000000 secs | Memory: 0.000000 MB |
Finished XDEF File Restore: Time (s): cpu = 00:00:00 ; elapsed = 00:00:00.021 . Memory (MB): peak = 1804.121 ; gain = 0.000
Netlist sorting complete. Time (s): cpu = 00:00:00 ; elapsed = 00:00:00 . Memory (MB): peak = 1804.121 ; gain = 0.000
INFO: [Project 1-111] Unisim Transformation Summary:
No Unisim elements were transformed.

open_run: Time (s): cpu = 00:00:15 ; elapsed = 00:00:12 . Memory (MB): peak = 1909.781 ; gain = 894.430
exit
INFO: [Common 17-206] Exiting Vivado at Sat Apr 18 23:59:04 2026...
