Copyright 1986-2020 Xilinx, Inc. All Rights Reserved.
-----------------------------------------------------------------------------------------------------------------------------------------------------------------------------------------------------
| Tool Version : Vivado v.2020.1 (win64) Build 2902540 Wed May 27 19:54:49 MDT 2020
| Date         : Thu Mar 12 13:15:51 2026
| Host         : Ammars-Laptop running 64-bit major release  (build 9200)
| Command      : report_timing_summary -max_paths 10 -file top_module_timing_summary_routed.rpt -pb top_module_timing_summary_routed.pb -rpx top_module_timing_summary_routed.rpx -warn_on_violation
| Design       : top_module
| Device       : 7a35t-cpg236
| Speed File   : -1  PRODUCTION 1.23 2018-06-13
-----------------------------------------------------------------------------------------------------------------------------------------------------------------------------------------------------

Timing Summary Report

------------------------------------------------------------------------------------------------
| Timer Settings
| --------------
------------------------------------------------------------------------------------------------

  Enable Multi Corner Analysis               :  Yes
  Enable Pessimism Removal                   :  Yes
  Pessimism Removal Resolution               :  Nearest Common Node
  Enable Input Delay Default Clock           :  No
  Enable Preset / Clear Arcs                 :  No
  Disable Flight Delays                      :  No
  Ignore I/O Paths                           :  No
  Timing Early Launch at Borrowing Latches   :  No
  Borrow Time for Max Delay Exceptions       :  Yes
  Merge Timing Exceptions                    :  Yes

  Corner  Analyze    Analyze    
  Name    Max Paths  Min Paths  
  ------  ---------  ---------  
  Slow    Yes        Yes        
  Fast    Yes        Yes        



check_timing report

Table of Contents
-----------------
1. checking no_clock (0)
2. checking constant_clock (0)
3. checking pulse_width_clock (0)
4. checking unconstrained_internal_endpoints (0)
5. checking no_input_delay (16)
6. checking no_output_delay (16)
7. checking multiple_clock (0)
8. checking generated_clocks (0)
9. checking loops (0)
10. checking partial_input_delay (0)
11. checking partial_output_delay (0)
12. checking latch_loops (0)

1. checking no_clock (0)
------------------------
 There are 0 register/latch pins with no clock.


2. checking constant_clock (0)
------------------------------
 There are 0 register/latch pins with constant_clock.


3. checking pulse_width_clock (0)
---------------------------------
 There are 0 register/latch pins which need pulse_width check


4. checking unconstrained_internal_endpoints (0)
------------------------------------------------
 There are 0 pins that are not constrained for maximum delay.

 There are 0 pins that are not constrained for maximum delay due to constant clock.


5. checking no_input_delay (16)
-------------------------------
 There are 0 input ports with no input delay specified.

 There are 16 input ports with no input delay but user has a false path constraint. (MEDIUM)


6. checking no_output_delay (16)
--------------------------------
 There are 16 ports with no output delay specified. (HIGH)

 There are 0 ports with no output delay but user has a false path constraint

 There are 0 ports with no output delay but with a timing clock defined on it or propagating through it


7. checking multiple_clock (0)
------------------------------
 There are 0 register/latch pins with multiple clocks.


8. checking generated_clocks (0)
--------------------------------
 There are 0 generated clocks that are not connected to a clock source.


9. checking loops (0)
---------------------
 There are 0 combinational loops in the design.


10. checking partial_input_delay (0)
------------------------------------
 There are 0 input ports with partial input delay specified.


11. checking partial_output_delay (0)
-------------------------------------
 There are 0 ports with partial output delay specified.


12. checking latch_loops (0)
----------------------------
 There are 0 combinational latch loops in the design through latch input



------------------------------------------------------------------------------------------------
| Design Timing Summary
| ---------------------
------------------------------------------------------------------------------------------------

    WNS(ns)      TNS(ns)  TNS Failing Endpoints  TNS Total Endpoints      WHS(ns)      THS(ns)  THS Failing Endpoints  THS Total Endpoints     WPWS(ns)     TPWS(ns)  TPWS Failing Endpoints  TPWS Total Endpoints  
    -------      -------  ---------------------  -------------------      -------      -------  ---------------------  -------------------     --------     --------  ----------------------  --------------------  
      4.824        0.000                      0                   88        0.119        0.000                      0                   88        4.500        0.000                       0                    69  


All user specified timing constraints are met.


------------------------------------------------------------------------------------------------
| Clock Summary
| -------------
------------------------------------------------------------------------------------------------

Clock    Waveform(ns)       Period(ns)      Frequency(MHz)
-----    ------------       ----------      --------------
sys_clk  {0.000 5.000}      10.000          100.000         


------------------------------------------------------------------------------------------------
| Intra Clock Table
| -----------------
------------------------------------------------------------------------------------------------

Clock             WNS(ns)      TNS(ns)  TNS Failing Endpoints  TNS Total Endpoints      WHS(ns)      THS(ns)  THS Failing Endpoints  THS Total Endpoints     WPWS(ns)     TPWS(ns)  TPWS Failing Endpoints  TPWS Total Endpoints  
-----             -------      -------  ---------------------  -------------------      -------      -------  ---------------------  -------------------     --------     --------  ----------------------  --------------------  
sys_clk             4.824        0.000                      0                   88        0.119        0.000                      0                   88        4.500        0.000                       0                    69  


------------------------------------------------------------------------------------------------
| Inter Clock Table
| -----------------
------------------------------------------------------------------------------------------------

From Clock    To Clock          WNS(ns)      TNS(ns)  TNS Failing Endpoints  TNS Total Endpoints      WHS(ns)      THS(ns)  THS Failing Endpoints  THS Total Endpoints  
----------    --------          -------      -------  ---------------------  -------------------      -------      -------  ---------------------  -------------------  


------------------------------------------------------------------------------------------------
| Other Path Groups Table
| -----------------------
------------------------------------------------------------------------------------------------

Path Group    From Clock    To Clock          WNS(ns)      TNS(ns)  TNS Failing Endpoints  TNS Total Endpoints      WHS(ns)      THS(ns)  THS Failing Endpoints  THS Total Endpoints  
----------    ----------    --------          -------      -------  ---------------------  -------------------      -------      -------  ---------------------  -------------------  


------------------------------------------------------------------------------------------------
| Timing Details
| --------------
------------------------------------------------------------------------------------------------


---------------------------------------------------------------------------------------------------
From Clock:  sys_clk
  To Clock:  sys_clk

Setup :            0  Failing Endpoints,  Worst Slack        4.824ns,  Total Violation        0.000ns
Hold  :            0  Failing Endpoints,  Worst Slack        0.119ns,  Total Violation        0.000ns
PW    :            0  Failing Endpoints,  Worst Slack        4.500ns,  Total Violation        0.000ns
---------------------------------------------------------------------------------------------------


Max Delay Paths
--------------------------------------------------------------------------------------
Slack (MET) :             4.824ns  (required time - arrival time)
  Source:                 filter/clean_stuff_reg[4]/C
                            (rising edge-triggered cell FDRE clocked by sys_clk  {rise@0.000ns fall@5.000ns period=10.000ns})
  Destination:            filter/timer_reg[16]/R
                            (rising edge-triggered cell FDRE clocked by sys_clk  {rise@0.000ns fall@5.000ns period=10.000ns})
  Path Group:             sys_clk
  Path Type:              Setup (Max at Slow Process Corner)
  Requirement:            10.000ns  (sys_clk rise@10.000ns - sys_clk rise@0.000ns)
  Data Path Delay:        4.583ns  (logic 1.602ns (34.954%)  route 2.981ns (65.046%))
  Logic Levels:           4  (CARRY4=2 LUT2=1 LUT6=1)
  Clock Path Skew:        -0.033ns (DCD - SCD + CPR)
    Destination Clock Delay (DCD):    4.780ns = ( 14.780 - 10.000 ) 
    Source Clock Delay      (SCD):    5.073ns
    Clock Pessimism Removal (CPR):    0.260ns
  Clock Uncertainty:      0.035ns  ((TSJ^2 + TIJ^2)^1/2 + DJ) / 2 + PE
    Total System Jitter     (TSJ):    0.071ns
    Total Input Jitter      (TIJ):    0.000ns
    Discrete Jitter          (DJ):    0.000ns
    Phase Error              (PE):    0.000ns

    Location             Delay type                Incr(ns)  Path(ns)    Netlist Resource(s)
  -------------------------------------------------------------------    -------------------
                         (clock sys_clk rise edge)    0.000     0.000 r  
    W5                                                0.000     0.000 r  clk (IN)
                         net (fo=0)                   0.000     0.000    clk
    W5                   IBUF (Prop_ibuf_I_O)         1.458     1.458 r  clk_IBUF_inst/O
                         net (fo=1, routed)           1.967     3.425    clk_IBUF
    BUFGCTRL_X0Y0        BUFG (Prop_bufg_I_O)         0.096     3.521 r  clk_IBUF_BUFG_inst/O
                         net (fo=68, routed)          1.552     5.073    filter/CLK
    SLICE_X15Y22         FDRE                                         r  filter/clean_stuff_reg[4]/C
  -------------------------------------------------------------------    -------------------
    SLICE_X15Y22         FDRE (Prop_fdre_C_Q)         0.456     5.529 r  filter/clean_stuff_reg[4]/Q
                         net (fo=14, routed)          1.473     7.003    filter/A_32[4]
    SLICE_X14Y22         LUT6 (Prop_lut6_I3_O)        0.124     7.127 r  filter/timer1_carry_i_3/O
                         net (fo=1, routed)           0.000     7.127    filter/timer1_carry_i_3_n_0
    SLICE_X14Y22         CARRY4 (Prop_carry4_S[1]_CO[3])
                                                      0.533     7.660 r  filter/timer1_carry/CO[3]
                         net (fo=1, routed)           0.000     7.660    filter/timer1_carry_n_0
    SLICE_X14Y23         CARRY4 (Prop_carry4_CI_CO[1])
                                                      0.157     7.817 f  filter/timer1_carry__0/CO[1]
                         net (fo=2, routed)           0.572     8.389    filter/timer1_carry__0_n_2
    SLICE_X13Y26         LUT2 (Prop_lut2_I1_O)        0.332     8.721 r  filter/timer[0]_i_1/O
                         net (fo=20, routed)          0.936     9.656    filter/timer[0]_i_1_n_0
    SLICE_X12Y30         FDRE                                         r  filter/timer_reg[16]/R
  -------------------------------------------------------------------    -------------------

                         (clock sys_clk rise edge)   10.000    10.000 r  
    W5                                                0.000    10.000 r  clk (IN)
                         net (fo=0)                   0.000    10.000    clk
    W5                   IBUF (Prop_ibuf_I_O)         1.388    11.388 r  clk_IBUF_inst/O
                         net (fo=1, routed)           1.862    13.250    clk_IBUF
    BUFGCTRL_X0Y0        BUFG (Prop_bufg_I_O)         0.091    13.341 r  clk_IBUF_BUFG_inst/O
                         net (fo=68, routed)          1.439    14.780    filter/CLK
    SLICE_X12Y30         FDRE                                         r  filter/timer_reg[16]/C
                         clock pessimism              0.260    15.040    
                         clock uncertainty           -0.035    15.005    
    SLICE_X12Y30         FDRE (Setup_fdre_C_R)       -0.524    14.481    filter/timer_reg[16]
  -------------------------------------------------------------------
                         required time                         14.481    
                         arrival time                          -9.656    
  -------------------------------------------------------------------
                         slack                                  4.824    

Slack (MET) :             4.824ns  (required time - arrival time)
  Source:                 filter/clean_stuff_reg[4]/C
                            (rising edge-triggered cell FDRE clocked by sys_clk  {rise@0.000ns fall@5.000ns period=10.000ns})
  Destination:            filter/timer_reg[17]/R
                            (rising edge-triggered cell FDRE clocked by sys_clk  {rise@0.000ns fall@5.000ns period=10.000ns})
  Path Group:             sys_clk
  Path Type:              Setup (Max at Slow Process Corner)
  Requirement:            10.000ns  (sys_clk rise@10.000ns - sys_clk rise@0.000ns)
  Data Path Delay:        4.583ns  (logic 1.602ns (34.954%)  route 2.981ns (65.046%))
  Logic Levels:           4  (CARRY4=2 LUT2=1 LUT6=1)
  Clock Path Skew:        -0.033ns (DCD - SCD + CPR)
    Destination Clock Delay (DCD):    4.780ns = ( 14.780 - 10.000 ) 
    Source Clock Delay      (SCD):    5.073ns
    Clock Pessimism Removal (CPR):    0.260ns
  Clock Uncertainty:      0.035ns  ((TSJ^2 + TIJ^2)^1/2 + DJ) / 2 + PE
    Total System Jitter     (TSJ):    0.071ns
    Total Input Jitter      (TIJ):    0.000ns
    Discrete Jitter          (DJ):    0.000ns
    Phase Error              (PE):    0.000ns

    Location             Delay type                Incr(ns)  Path(ns)    Netlist Resource(s)
  -------------------------------------------------------------------    -------------------
                         (clock sys_clk rise edge)    0.000     0.000 r  
    W5                                                0.000     0.000 r  clk (IN)
                         net (fo=0)                   0.000     0.000    clk
    W5                   IBUF (Prop_ibuf_I_O)         1.458     1.458 r  clk_IBUF_inst/O
                         net (fo=1, routed)           1.967     3.425    clk_IBUF
    BUFGCTRL_X0Y0        BUFG (Prop_bufg_I_O)         0.096     3.521 r  clk_IBUF_BUFG_inst/O
                         net (fo=68, routed)          1.552     5.073    filter/CLK
    SLICE_X15Y22         FDRE                                         r  filter/clean_stuff_reg[4]/C
  -------------------------------------------------------------------    -------------------
    SLICE_X15Y22         FDRE (Prop_fdre_C_Q)         0.456     5.529 r  filter/clean_stuff_reg[4]/Q
                         net (fo=14, routed)          1.473     7.003    filter/A_32[4]
    SLICE_X14Y22         LUT6 (Prop_lut6_I3_O)        0.124     7.127 r  filter/timer1_carry_i_3/O
                         net (fo=1, routed)           0.000     7.127    filter/timer1_carry_i_3_n_0
    SLICE_X14Y22         CARRY4 (Prop_carry4_S[1]_CO[3])
                                                      0.533     7.660 r  filter/timer1_carry/CO[3]
                         net (fo=1, routed)           0.000     7.660    filter/timer1_carry_n_0
    SLICE_X14Y23         CARRY4 (Prop_carry4_CI_CO[1])
                                                      0.157     7.817 f  filter/timer1_carry__0/CO[1]
                         net (fo=2, routed)           0.572     8.389    filter/timer1_carry__0_n_2
    SLICE_X13Y26         LUT2 (Prop_lut2_I1_O)        0.332     8.721 r  filter/timer[0]_i_1/O
                         net (fo=20, routed)          0.936     9.656    filter/timer[0]_i_1_n_0
    SLICE_X12Y30         FDRE                                         r  filter/timer_reg[17]/R
  -------------------------------------------------------------------    -------------------

                         (clock sys_clk rise edge)   10.000    10.000 r  
    W5                                                0.000    10.000 r  clk (IN)
                         net (fo=0)                   0.000    10.000    clk
    W5                   IBUF (Prop_ibuf_I_O)         1.388    11.388 r  clk_IBUF_inst/O
                         net (fo=1, routed)           1.862    13.250    clk_IBUF
    BUFGCTRL_X0Y0        BUFG (Prop_bufg_I_O)         0.091    13.341 r  clk_IBUF_BUFG_inst/O
                         net (fo=68, routed)          1.439    14.780    filter/CLK
    SLICE_X12Y30         FDRE                                         r  filter/timer_reg[17]/C
                         clock pessimism              0.260    15.040    
                         clock uncertainty           -0.035    15.005    
    SLICE_X12Y30         FDRE (Setup_fdre_C_R)       -0.524    14.481    filter/timer_reg[17]
  -------------------------------------------------------------------
                         required time                         14.481    
                         arrival time                          -9.656    
  -------------------------------------------------------------------
                         slack                                  4.824    

Slack (MET) :             4.824ns  (required time - arrival time)
  Source:                 filter/clean_stuff_reg[4]/C
                            (rising edge-triggered cell FDRE clocked by sys_clk  {rise@0.000ns fall@5.000ns period=10.000ns})
  Destination:            filter/timer_reg[18]/R
                            (rising edge-triggered cell FDRE clocked by sys_clk  {rise@0.000ns fall@5.000ns period=10.000ns})
  Path Group:             sys_clk
  Path Type:              Setup (Max at Slow Process Corner)
  Requirement:            10.000ns  (sys_clk rise@10.000ns - sys_clk rise@0.000ns)
  Data Path Delay:        4.583ns  (logic 1.602ns (34.954%)  route 2.981ns (65.046%))
  Logic Levels:           4  (CARRY4=2 LUT2=1 LUT6=1)
  Clock Path Skew:        -0.033ns (DCD - SCD + CPR)
    Destination Clock Delay (DCD):    4.780ns = ( 14.780 - 10.000 ) 
    Source Clock Delay      (SCD):    5.073ns
    Clock Pessimism Removal (CPR):    0.260ns
  Clock Uncertainty:      0.035ns  ((TSJ^2 + TIJ^2)^1/2 + DJ) / 2 + PE
    Total System Jitter     (TSJ):    0.071ns
    Total Input Jitter      (TIJ):    0.000ns
    Discrete Jitter          (DJ):    0.000ns
    Phase Error              (PE):    0.000ns

    Location             Delay type                Incr(ns)  Path(ns)    Netlist Resource(s)
  -------------------------------------------------------------------    -------------------
                         (clock sys_clk rise edge)    0.000     0.000 r  
    W5                                                0.000     0.000 r  clk (IN)
                         net (fo=0)                   0.000     0.000    clk
    W5                   IBUF (Prop_ibuf_I_O)         1.458     1.458 r  clk_IBUF_inst/O
                         net (fo=1, routed)           1.967     3.425    clk_IBUF
    BUFGCTRL_X0Y0        BUFG (Prop_bufg_I_O)         0.096     3.521 r  clk_IBUF_BUFG_inst/O
                         net (fo=68, routed)          1.552     5.073    filter/CLK
    SLICE_X15Y22         FDRE                                         r  filter/clean_stuff_reg[4]/C
  -------------------------------------------------------------------    -------------------
    SLICE_X15Y22         FDRE (Prop_fdre_C_Q)         0.456     5.529 r  filter/clean_stuff_reg[4]/Q
                         net (fo=14, routed)          1.473     7.003    filter/A_32[4]
    SLICE_X14Y22         LUT6 (Prop_lut6_I3_O)        0.124     7.127 r  filter/timer1_carry_i_3/O
                         net (fo=1, routed)           0.000     7.127    filter/timer1_carry_i_3_n_0
    SLICE_X14Y22         CARRY4 (Prop_carry4_S[1]_CO[3])
                                                      0.533     7.660 r  filter/timer1_carry/CO[3]
                         net (fo=1, routed)           0.000     7.660    filter/timer1_carry_n_0
    SLICE_X14Y23         CARRY4 (Prop_carry4_CI_CO[1])
                                                      0.157     7.817 f  filter/timer1_carry__0/CO[1]
                         net (fo=2, routed)           0.572     8.389    filter/timer1_carry__0_n_2
    SLICE_X13Y26         LUT2 (Prop_lut2_I1_O)        0.332     8.721 r  filter/timer[0]_i_1/O
                         net (fo=20, routed)          0.936     9.656    filter/timer[0]_i_1_n_0
    SLICE_X12Y30         FDRE                                         r  filter/timer_reg[18]/R
  -------------------------------------------------------------------    -------------------

                         (clock sys_clk rise edge)   10.000    10.000 r  
    W5                                                0.000    10.000 r  clk (IN)
                         net (fo=0)                   0.000    10.000    clk
    W5                   IBUF (Prop_ibuf_I_O)         1.388    11.388 r  clk_IBUF_inst/O
                         net (fo=1, routed)           1.862    13.250    clk_IBUF
    BUFGCTRL_X0Y0        BUFG (Prop_bufg_I_O)         0.091    13.341 r  clk_IBUF_BUFG_inst/O
                         net (fo=68, routed)          1.439    14.780    filter/CLK
    SLICE_X12Y30         FDRE                                         r  filter/timer_reg[18]/C
                         clock pessimism              0.260    15.040    
                         clock uncertainty           -0.035    15.005    
    SLICE_X12Y30         FDRE (Setup_fdre_C_R)       -0.524    14.481    filter/timer_reg[18]
  -------------------------------------------------------------------
                         required time                         14.481    
                         arrival time                          -9.656    
  -------------------------------------------------------------------
                         slack                                  4.824    

Slack (MET) :             4.824ns  (required time - arrival time)
  Source:                 filter/clean_stuff_reg[4]/C
                            (rising edge-triggered cell FDRE clocked by sys_clk  {rise@0.000ns fall@5.000ns period=10.000ns})
  Destination:            filter/timer_reg[19]/R
                            (rising edge-triggered cell FDRE clocked by sys_clk  {rise@0.000ns fall@5.000ns period=10.000ns})
  Path Group:             sys_clk
  Path Type:              Setup (Max at Slow Process Corner)
  Requirement:            10.000ns  (sys_clk rise@10.000ns - sys_clk rise@0.000ns)
  Data Path Delay:        4.583ns  (logic 1.602ns (34.954%)  route 2.981ns (65.046%))
  Logic Levels:           4  (CARRY4=2 LUT2=1 LUT6=1)
  Clock Path Skew:        -0.033ns (DCD - SCD + CPR)
    Destination Clock Delay (DCD):    4.780ns = ( 14.780 - 10.000 ) 
    Source Clock Delay      (SCD):    5.073ns
    Clock Pessimism Removal (CPR):    0.260ns
  Clock Uncertainty:      0.035ns  ((TSJ^2 + TIJ^2)^1/2 + DJ) / 2 + PE
    Total System Jitter     (TSJ):    0.071ns
    Total Input Jitter      (TIJ):    0.000ns
    Discrete Jitter          (DJ):    0.000ns
    Phase Error              (PE):    0.000ns

    Location             Delay type                Incr(ns)  Path(ns)    Netlist Resource(s)
  -------------------------------------------------------------------    -------------------
                         (clock sys_clk rise edge)    0.000     0.000 r  
    W5                                                0.000     0.000 r  clk (IN)
                         net (fo=0)                   0.000     0.000    clk
    W5                   IBUF (Prop_ibuf_I_O)         1.458     1.458 r  clk_IBUF_inst/O
                         net (fo=1, routed)           1.967     3.425    clk_IBUF
    BUFGCTRL_X0Y0        BUFG (Prop_bufg_I_O)         0.096     3.521 r  clk_IBUF_BUFG_inst/O
                         net (fo=68, routed)          1.552     5.073    filter/CLK
    SLICE_X15Y22         FDRE                                         r  filter/clean_stuff_reg[4]/C
  -------------------------------------------------------------------    -------------------
    SLICE_X15Y22         FDRE (Prop_fdre_C_Q)         0.456     5.529 r  filter/clean_stuff_reg[4]/Q
                         net (fo=14, routed)          1.473     7.003    filter/A_32[4]
    SLICE_X14Y22         LUT6 (Prop_lut6_I3_O)        0.124     7.127 r  filter/timer1_carry_i_3/O
                         net (fo=1, routed)           0.000     7.127    filter/timer1_carry_i_3_n_0
    SLICE_X14Y22         CARRY4 (Prop_carry4_S[1]_CO[3])
                                                      0.533     7.660 r  filter/timer1_carry/CO[3]
                         net (fo=1, routed)           0.000     7.660    filter/timer1_carry_n_0
    SLICE_X14Y23         CARRY4 (Prop_carry4_CI_CO[1])
                                                      0.157     7.817 f  filter/timer1_carry__0/CO[1]
                         net (fo=2, routed)           0.572     8.389    filter/timer1_carry__0_n_2
    SLICE_X13Y26         LUT2 (Prop_lut2_I1_O)        0.332     8.721 r  filter/timer[0]_i_1/O
                         net (fo=20, routed)          0.936     9.656    filter/timer[0]_i_1_n_0
    SLICE_X12Y30         FDRE                                         r  filter/timer_reg[19]/R
  -------------------------------------------------------------------    -------------------

                         (clock sys_clk rise edge)   10.000    10.000 r  
    W5                                                0.000    10.000 r  clk (IN)
                         net (fo=0)                   0.000    10.000    clk
    W5                   IBUF (Prop_ibuf_I_O)         1.388    11.388 r  clk_IBUF_inst/O
                         net (fo=1, routed)           1.862    13.250    clk_IBUF
    BUFGCTRL_X0Y0        BUFG (Prop_bufg_I_O)         0.091    13.341 r  clk_IBUF_BUFG_inst/O
                         net (fo=68, routed)          1.439    14.780    filter/CLK
    SLICE_X12Y30         FDRE                                         r  filter/timer_reg[19]/C
                         clock pessimism              0.260    15.040    
                         clock uncertainty           -0.035    15.005    
    SLICE_X12Y30         FDRE (Setup_fdre_C_R)       -0.524    14.481    filter/timer_reg[19]
  -------------------------------------------------------------------
                         required time                         14.481    
                         arrival time                          -9.656    
  -------------------------------------------------------------------
                         slack                                  4.824    

Slack (MET) :             4.963ns  (required time - arrival time)
  Source:                 filter/clean_stuff_reg[4]/C
                            (rising edge-triggered cell FDRE clocked by sys_clk  {rise@0.000ns fall@5.000ns period=10.000ns})
  Destination:            filter/timer_reg[12]/R
                            (rising edge-triggered cell FDRE clocked by sys_clk  {rise@0.000ns fall@5.000ns period=10.000ns})
  Path Group:             sys_clk
  Path Type:              Setup (Max at Slow Process Corner)
  Requirement:            10.000ns  (sys_clk rise@10.000ns - sys_clk rise@0.000ns)
  Data Path Delay:        4.445ns  (logic 1.602ns (36.043%)  route 2.843ns (63.958%))
  Logic Levels:           4  (CARRY4=2 LUT2=1 LUT6=1)
  Clock Path Skew:        -0.033ns (DCD - SCD + CPR)
    Destination Clock Delay (DCD):    4.780ns = ( 14.780 - 10.000 ) 
    Source Clock Delay      (SCD):    5.073ns
    Clock Pessimism Removal (CPR):    0.260ns
  Clock Uncertainty:      0.035ns  ((TSJ^2 + TIJ^2)^1/2 + DJ) / 2 + PE
    Total System Jitter     (TSJ):    0.071ns
    Total Input Jitter      (TIJ):    0.000ns
    Discrete Jitter          (DJ):    0.000ns
    Phase Error              (PE):    0.000ns

    Location             Delay type                Incr(ns)  Path(ns)    Netlist Resource(s)
  -------------------------------------------------------------------    -------------------
                         (clock sys_clk rise edge)    0.000     0.000 r  
    W5                                                0.000     0.000 r  clk (IN)
                         net (fo=0)                   0.000     0.000    clk
    W5                   IBUF (Prop_ibuf_I_O)         1.458     1.458 r  clk_IBUF_inst/O
                         net (fo=1, routed)           1.967     3.425    clk_IBUF
    BUFGCTRL_X0Y0        BUFG (Prop_bufg_I_O)         0.096     3.521 r  clk_IBUF_BUFG_inst/O
                         net (fo=68, routed)          1.552     5.073    filter/CLK
    SLICE_X15Y22         FDRE                                         r  filter/clean_stuff_reg[4]/C
  -------------------------------------------------------------------    -------------------
    SLICE_X15Y22         FDRE (Prop_fdre_C_Q)         0.456     5.529 r  filter/clean_stuff_reg[4]/Q
                         net (fo=14, routed)          1.473     7.003    filter/A_32[4]
    SLICE_X14Y22         LUT6 (Prop_lut6_I3_O)        0.124     7.127 r  filter/timer1_carry_i_3/O
                         net (fo=1, routed)           0.000     7.127    filter/timer1_carry_i_3_n_0
    SLICE_X14Y22         CARRY4 (Prop_carry4_S[1]_CO[3])
                                                      0.533     7.660 r  filter/timer1_carry/CO[3]
                         net (fo=1, routed)           0.000     7.660    filter/timer1_carry_n_0
    SLICE_X14Y23         CARRY4 (Prop_carry4_CI_CO[1])
                                                      0.157     7.817 f  filter/timer1_carry__0/CO[1]
                         net (fo=2, routed)           0.572     8.389    filter/timer1_carry__0_n_2
    SLICE_X13Y26         LUT2 (Prop_lut2_I1_O)        0.332     8.721 r  filter/timer[0]_i_1/O
                         net (fo=20, routed)          0.797     9.518    filter/timer[0]_i_1_n_0
    SLICE_X12Y29         FDRE                                         r  filter/timer_reg[12]/R
  -------------------------------------------------------------------    -------------------

                         (clock sys_clk rise edge)   10.000    10.000 r  
    W5                                                0.000    10.000 r  clk (IN)
                         net (fo=0)                   0.000    10.000    clk
    W5                   IBUF (Prop_ibuf_I_O)         1.388    11.388 r  clk_IBUF_inst/O
                         net (fo=1, routed)           1.862    13.250    clk_IBUF
    BUFGCTRL_X0Y0        BUFG (Prop_bufg_I_O)         0.091    13.341 r  clk_IBUF_BUFG_inst/O
                         net (fo=68, routed)          1.439    14.780    filter/CLK
    SLICE_X12Y29         FDRE                                         r  filter/timer_reg[12]/C
                         clock pessimism              0.260    15.040    
                         clock uncertainty           -0.035    15.005    
    SLICE_X12Y29         FDRE (Setup_fdre_C_R)       -0.524    14.481    filter/timer_reg[12]
  -------------------------------------------------------------------
                         required time                         14.481    
                         arrival time                          -9.518    
  -------------------------------------------------------------------
                         slack                                  4.963    

Slack (MET) :             4.963ns  (required time - arrival time)
  Source:                 filter/clean_stuff_reg[4]/C
                            (rising edge-triggered cell FDRE clocked by sys_clk  {rise@0.000ns fall@5.000ns period=10.000ns})
  Destination:            filter/timer_reg[13]/R
                            (rising edge-triggered cell FDRE clocked by sys_clk  {rise@0.000ns fall@5.000ns period=10.000ns})
  Path Group:             sys_clk
  Path Type:              Setup (Max at Slow Process Corner)
  Requirement:            10.000ns  (sys_clk rise@10.000ns - sys_clk rise@0.000ns)
  Data Path Delay:        4.445ns  (logic 1.602ns (36.043%)  route 2.843ns (63.958%))
  Logic Levels:           4  (CARRY4=2 LUT2=1 LUT6=1)
  Clock Path Skew:        -0.033ns (DCD - SCD + CPR)
    Destination Clock Delay (DCD):    4.780ns = ( 14.780 - 10.000 ) 
    Source Clock Delay      (SCD):    5.073ns
    Clock Pessimism Removal (CPR):    0.260ns
  Clock Uncertainty:      0.035ns  ((TSJ^2 + TIJ^2)^1/2 + DJ) / 2 + PE
    Total System Jitter     (TSJ):    0.071ns
    Total Input Jitter      (TIJ):    0.000ns
    Discrete Jitter          (DJ):    0.000ns
    Phase Error              (PE):    0.000ns

    Location             Delay type                Incr(ns)  Path(ns)    Netlist Resource(s)
  -------------------------------------------------------------------    -------------------
                         (clock sys_clk rise edge)    0.000     0.000 r  
    W5                                                0.000     0.000 r  clk (IN)
                         net (fo=0)                   0.000     0.000    clk
    W5                   IBUF (Prop_ibuf_I_O)         1.458     1.458 r  clk_IBUF_inst/O
                         net (fo=1, routed)           1.967     3.425    clk_IBUF
    BUFGCTRL_X0Y0        BUFG (Prop_bufg_I_O)         0.096     3.521 r  clk_IBUF_BUFG_inst/O
                         net (fo=68, routed)          1.552     5.073    filter/CLK
    SLICE_X15Y22         FDRE                                         r  filter/clean_stuff_reg[4]/C
  -------------------------------------------------------------------    -------------------
    SLICE_X15Y22         FDRE (Prop_fdre_C_Q)         0.456     5.529 r  filter/clean_stuff_reg[4]/Q
                         net (fo=14, routed)          1.473     7.003    filter/A_32[4]
    SLICE_X14Y22         LUT6 (Prop_lut6_I3_O)        0.124     7.127 r  filter/timer1_carry_i_3/O
                         net (fo=1, routed)           0.000     7.127    filter/timer1_carry_i_3_n_0
    SLICE_X14Y22         CARRY4 (Prop_carry4_S[1]_CO[3])
                                                      0.533     7.660 r  filter/timer1_carry/CO[3]
                         net (fo=1, routed)           0.000     7.660    filter/timer1_carry_n_0
    SLICE_X14Y23         CARRY4 (Prop_carry4_CI_CO[1])
                                                      0.157     7.817 f  filter/timer1_carry__0/CO[1]
                         net (fo=2, routed)           0.572     8.389    filter/timer1_carry__0_n_2
    SLICE_X13Y26         LUT2 (Prop_lut2_I1_O)        0.332     8.721 r  filter/timer[0]_i_1/O
                         net (fo=20, routed)          0.797     9.518    filter/timer[0]_i_1_n_0
    SLICE_X12Y29         FDRE                                         r  filter/timer_reg[13]/R
  -------------------------------------------------------------------    -------------------

                         (clock sys_clk rise edge)   10.000    10.000 r  
    W5                                                0.000    10.000 r  clk (IN)
                         net (fo=0)                   0.000    10.000    clk
    W5                   IBUF (Prop_ibuf_I_O)         1.388    11.388 r  clk_IBUF_inst/O
                         net (fo=1, routed)           1.862    13.250    clk_IBUF
    BUFGCTRL_X0Y0        BUFG (Prop_bufg_I_O)         0.091    13.341 r  clk_IBUF_BUFG_inst/O
                         net (fo=68, routed)          1.439    14.780    filter/CLK
    SLICE_X12Y29         FDRE                                         r  filter/timer_reg[13]/C
                         clock pessimism              0.260    15.040    
                         clock uncertainty           -0.035    15.005    
    SLICE_X12Y29         FDRE (Setup_fdre_C_R)       -0.524    14.481    filter/timer_reg[13]
  -------------------------------------------------------------------
                         required time                         14.481    
                         arrival time                          -9.518    
  -------------------------------------------------------------------
                         slack                                  4.963    

Slack (MET) :             4.963ns  (required time - arrival time)
  Source:                 filter/clean_stuff_reg[4]/C
                            (rising edge-triggered cell FDRE clocked by sys_clk  {rise@0.000ns fall@5.000ns period=10.000ns})
  Destination:            filter/timer_reg[14]/R
                            (rising edge-triggered cell FDRE clocked by sys_clk  {rise@0.000ns fall@5.000ns period=10.000ns})
  Path Group:             sys_clk
  Path Type:              Setup (Max at Slow Process Corner)
  Requirement:            10.000ns  (sys_clk rise@10.000ns - sys_clk rise@0.000ns)
  Data Path Delay:        4.445ns  (logic 1.602ns (36.043%)  route 2.843ns (63.958%))
  Logic Levels:           4  (CARRY4=2 LUT2=1 LUT6=1)
  Clock Path Skew:        -0.033ns (DCD - SCD + CPR)
    Destination Clock Delay (DCD):    4.780ns = ( 14.780 - 10.000 ) 
    Source Clock Delay      (SCD):    5.073ns
    Clock Pessimism Removal (CPR):    0.260ns
  Clock Uncertainty:      0.035ns  ((TSJ^2 + TIJ^2)^1/2 + DJ) / 2 + PE
    Total System Jitter     (TSJ):    0.071ns
    Total Input Jitter      (TIJ):    0.000ns
    Discrete Jitter          (DJ):    0.000ns
    Phase Error              (PE):    0.000ns

    Location             Delay type                Incr(ns)  Path(ns)    Netlist Resource(s)
  -------------------------------------------------------------------    -------------------
                         (clock sys_clk rise edge)    0.000     0.000 r  
    W5                                                0.000     0.000 r  clk (IN)
                         net (fo=0)                   0.000     0.000    clk
    W5                   IBUF (Prop_ibuf_I_O)         1.458     1.458 r  clk_IBUF_inst/O
                         net (fo=1, routed)           1.967     3.425    clk_IBUF
    BUFGCTRL_X0Y0        BUFG (Prop_bufg_I_O)         0.096     3.521 r  clk_IBUF_BUFG_inst/O
                         net (fo=68, routed)          1.552     5.073    filter/CLK
    SLICE_X15Y22         FDRE                                         r  filter/clean_stuff_reg[4]/C
  -------------------------------------------------------------------    -------------------
    SLICE_X15Y22         FDRE (Prop_fdre_C_Q)         0.456     5.529 r  filter/clean_stuff_reg[4]/Q
                         net (fo=14, routed)          1.473     7.003    filter/A_32[4]
    SLICE_X14Y22         LUT6 (Prop_lut6_I3_O)        0.124     7.127 r  filter/timer1_carry_i_3/O
                         net (fo=1, routed)           0.000     7.127    filter/timer1_carry_i_3_n_0
    SLICE_X14Y22         CARRY4 (Prop_carry4_S[1]_CO[3])
                                                      0.533     7.660 r  filter/timer1_carry/CO[3]
                         net (fo=1, routed)           0.000     7.660    filter/timer1_carry_n_0
    SLICE_X14Y23         CARRY4 (Prop_carry4_CI_CO[1])
                                                      0.157     7.817 f  filter/timer1_carry__0/CO[1]
                         net (fo=2, routed)           0.572     8.389    filter/timer1_carry__0_n_2
    SLICE_X13Y26         LUT2 (Prop_lut2_I1_O)        0.332     8.721 r  filter/timer[0]_i_1/O
                         net (fo=20, routed)          0.797     9.518    filter/timer[0]_i_1_n_0
    SLICE_X12Y29         FDRE                                         r  filter/timer_reg[14]/R
  -------------------------------------------------------------------    -------------------

                         (clock sys_clk rise edge)   10.000    10.000 r  
    W5                                                0.000    10.000 r  clk (IN)
                         net (fo=0)                   0.000    10.000    clk
    W5                   IBUF (Prop_ibuf_I_O)         1.388    11.388 r  clk_IBUF_inst/O
                         net (fo=1, routed)           1.862    13.250    clk_IBUF
    BUFGCTRL_X0Y0        BUFG (Prop_bufg_I_O)         0.091    13.341 r  clk_IBUF_BUFG_inst/O
                         net (fo=68, routed)          1.439    14.780    filter/CLK
    SLICE_X12Y29         FDRE                                         r  filter/timer_reg[14]/C
                         clock pessimism              0.260    15.040    
                         clock uncertainty           -0.035    15.005    
    SLICE_X12Y29         FDRE (Setup_fdre_C_R)       -0.524    14.481    filter/timer_reg[14]
  -------------------------------------------------------------------
                         required time                         14.481    
                         arrival time                          -9.518    
  -------------------------------------------------------------------
                         slack                                  4.963    

Slack (MET) :             4.963ns  (required time - arrival time)
  Source:                 filter/clean_stuff_reg[4]/C
                            (rising edge-triggered cell FDRE clocked by sys_clk  {rise@0.000ns fall@5.000ns period=10.000ns})
  Destination:            filter/timer_reg[15]/R
                            (rising edge-triggered cell FDRE clocked by sys_clk  {rise@0.000ns fall@5.000ns period=10.000ns})
  Path Group:             sys_clk
  Path Type:              Setup (Max at Slow Process Corner)
  Requirement:            10.000ns  (sys_clk rise@10.000ns - sys_clk rise@0.000ns)
  Data Path Delay:        4.445ns  (logic 1.602ns (36.043%)  route 2.843ns (63.958%))
  Logic Levels:           4  (CARRY4=2 LUT2=1 LUT6=1)
  Clock Path Skew:        -0.033ns (DCD - SCD + CPR)
    Destination Clock Delay (DCD):    4.780ns = ( 14.780 - 10.000 ) 
    Source Clock Delay      (SCD):    5.073ns
    Clock Pessimism Removal (CPR):    0.260ns
  Clock Uncertainty:      0.035ns  ((TSJ^2 + TIJ^2)^1/2 + DJ) / 2 + PE
    Total System Jitter     (TSJ):    0.071ns
    Total Input Jitter      (TIJ):    0.000ns
    Discrete Jitter          (DJ):    0.000ns
    Phase Error              (PE):    0.000ns

    Location             Delay type                Incr(ns)  Path(ns)    Netlist Resource(s)
  -------------------------------------------------------------------    -------------------
                         (clock sys_clk rise edge)    0.000     0.000 r  
    W5                                                0.000     0.000 r  clk (IN)
                         net (fo=0)                   0.000     0.000    clk
    W5                   IBUF (Prop_ibuf_I_O)         1.458     1.458 r  clk_IBUF_inst/O
                         net (fo=1, routed)           1.967     3.425    clk_IBUF
    BUFGCTRL_X0Y0        BUFG (Prop_bufg_I_O)         0.096     3.521 r  clk_IBUF_BUFG_inst/O
                         net (fo=68, routed)          1.552     5.073    filter/CLK
    SLICE_X15Y22         FDRE                                         r  filter/clean_stuff_reg[4]/C
  -------------------------------------------------------------------    -------------------
    SLICE_X15Y22         FDRE (Prop_fdre_C_Q)         0.456     5.529 r  filter/clean_stuff_reg[4]/Q
                         net (fo=14, routed)          1.473     7.003    filter/A_32[4]
    SLICE_X14Y22         LUT6 (Prop_lut6_I3_O)        0.124     7.127 r  filter/timer1_carry_i_3/O
                         net (fo=1, routed)           0.000     7.127    filter/timer1_carry_i_3_n_0
    SLICE_X14Y22         CARRY4 (Prop_carry4_S[1]_CO[3])
                                                      0.533     7.660 r  filter/timer1_carry/CO[3]
                         net (fo=1, routed)           0.000     7.660    filter/timer1_carry_n_0
    SLICE_X14Y23         CARRY4 (Prop_carry4_CI_CO[1])
                                                      0.157     7.817 f  filter/timer1_carry__0/CO[1]
                         net (fo=2, routed)           0.572     8.389    filter/timer1_carry__0_n_2
    SLICE_X13Y26         LUT2 (Prop_lut2_I1_O)        0.332     8.721 r  filter/timer[0]_i_1/O
                         net (fo=20, routed)          0.797     9.518    filter/timer[0]_i_1_n_0
    SLICE_X12Y29         FDRE                                         r  filter/timer_reg[15]/R
  -------------------------------------------------------------------    -------------------

                         (clock sys_clk rise edge)   10.000    10.000 r  
    W5                                                0.000    10.000 r  clk (IN)
                         net (fo=0)                   0.000    10.000    clk
    W5                   IBUF (Prop_ibuf_I_O)         1.388    11.388 r  clk_IBUF_inst/O
                         net (fo=1, routed)           1.862    13.250    clk_IBUF
    BUFGCTRL_X0Y0        BUFG (Prop_bufg_I_O)         0.091    13.341 r  clk_IBUF_BUFG_inst/O
                         net (fo=68, routed)          1.439    14.780    filter/CLK
    SLICE_X12Y29         FDRE                                         r  filter/timer_reg[15]/C
                         clock pessimism              0.260    15.040    
                         clock uncertainty           -0.035    15.005    
    SLICE_X12Y29         FDRE (Setup_fdre_C_R)       -0.524    14.481    filter/timer_reg[15]
  -------------------------------------------------------------------
                         required time                         14.481    
                         arrival time                          -9.518    
  -------------------------------------------------------------------
                         slack                                  4.963    

Slack (MET) :             5.070ns  (required time - arrival time)
  Source:                 filter/clean_stuff_reg[4]/C
                            (rising edge-triggered cell FDRE clocked by sys_clk  {rise@0.000ns fall@5.000ns period=10.000ns})
  Destination:            filter/timer_reg[4]/R
                            (rising edge-triggered cell FDRE clocked by sys_clk  {rise@0.000ns fall@5.000ns period=10.000ns})
  Path Group:             sys_clk
  Path Type:              Setup (Max at Slow Process Corner)
  Requirement:            10.000ns  (sys_clk rise@10.000ns - sys_clk rise@0.000ns)
  Data Path Delay:        4.335ns  (logic 1.602ns (36.959%)  route 2.733ns (63.041%))
  Logic Levels:           4  (CARRY4=2 LUT2=1 LUT6=1)
  Clock Path Skew:        -0.036ns (DCD - SCD + CPR)
    Destination Clock Delay (DCD):    4.777ns = ( 14.777 - 10.000 ) 
    Source Clock Delay      (SCD):    5.073ns
    Clock Pessimism Removal (CPR):    0.260ns
  Clock Uncertainty:      0.035ns  ((TSJ^2 + TIJ^2)^1/2 + DJ) / 2 + PE
    Total System Jitter     (TSJ):    0.071ns
    Total Input Jitter      (TIJ):    0.000ns
    Discrete Jitter          (DJ):    0.000ns
    Phase Error              (PE):    0.000ns

    Location             Delay type                Incr(ns)  Path(ns)    Netlist Resource(s)
  -------------------------------------------------------------------    -------------------
                         (clock sys_clk rise edge)    0.000     0.000 r  
    W5                                                0.000     0.000 r  clk (IN)
                         net (fo=0)                   0.000     0.000    clk
    W5                   IBUF (Prop_ibuf_I_O)         1.458     1.458 r  clk_IBUF_inst/O
                         net (fo=1, routed)           1.967     3.425    clk_IBUF
    BUFGCTRL_X0Y0        BUFG (Prop_bufg_I_O)         0.096     3.521 r  clk_IBUF_BUFG_inst/O
                         net (fo=68, routed)          1.552     5.073    filter/CLK
    SLICE_X15Y22         FDRE                                         r  filter/clean_stuff_reg[4]/C
  -------------------------------------------------------------------    -------------------
    SLICE_X15Y22         FDRE (Prop_fdre_C_Q)         0.456     5.529 r  filter/clean_stuff_reg[4]/Q
                         net (fo=14, routed)          1.473     7.003    filter/A_32[4]
    SLICE_X14Y22         LUT6 (Prop_lut6_I3_O)        0.124     7.127 r  filter/timer1_carry_i_3/O
                         net (fo=1, routed)           0.000     7.127    filter/timer1_carry_i_3_n_0
    SLICE_X14Y22         CARRY4 (Prop_carry4_S[1]_CO[3])
                                                      0.533     7.660 r  filter/timer1_carry/CO[3]
                         net (fo=1, routed)           0.000     7.660    filter/timer1_carry_n_0
    SLICE_X14Y23         CARRY4 (Prop_carry4_CI_CO[1])
                                                      0.157     7.817 f  filter/timer1_carry__0/CO[1]
                         net (fo=2, routed)           0.572     8.389    filter/timer1_carry__0_n_2
    SLICE_X13Y26         LUT2 (Prop_lut2_I1_O)        0.332     8.721 r  filter/timer[0]_i_1/O
                         net (fo=20, routed)          0.687     9.408    filter/timer[0]_i_1_n_0
    SLICE_X12Y27         FDRE                                         r  filter/timer_reg[4]/R
  -------------------------------------------------------------------    -------------------

                         (clock sys_clk rise edge)   10.000    10.000 r  
    W5                                                0.000    10.000 r  clk (IN)
                         net (fo=0)                   0.000    10.000    clk
    W5                   IBUF (Prop_ibuf_I_O)         1.388    11.388 r  clk_IBUF_inst/O
                         net (fo=1, routed)           1.862    13.250    clk_IBUF
    BUFGCTRL_X0Y0        BUFG (Prop_bufg_I_O)         0.091    13.341 r  clk_IBUF_BUFG_inst/O
                         net (fo=68, routed)          1.436    14.777    filter/CLK
    SLICE_X12Y27         FDRE                                         r  filter/timer_reg[4]/C
                         clock pessimism              0.260    15.037    
                         clock uncertainty           -0.035    15.002    
    SLICE_X12Y27         FDRE (Setup_fdre_C_R)       -0.524    14.478    filter/timer_reg[4]
  -------------------------------------------------------------------
                         required time                         14.478    
                         arrival time                          -9.408    
  -------------------------------------------------------------------
                         slack                                  5.070    

Slack (MET) :             5.070ns  (required time - arrival time)
  Source:                 filter/clean_stuff_reg[4]/C
                            (rising edge-triggered cell FDRE clocked by sys_clk  {rise@0.000ns fall@5.000ns period=10.000ns})
  Destination:            filter/timer_reg[5]/R
                            (rising edge-triggered cell FDRE clocked by sys_clk  {rise@0.000ns fall@5.000ns period=10.000ns})
  Path Group:             sys_clk
  Path Type:              Setup (Max at Slow Process Corner)
  Requirement:            10.000ns  (sys_clk rise@10.000ns - sys_clk rise@0.000ns)
  Data Path Delay:        4.335ns  (logic 1.602ns (36.959%)  route 2.733ns (63.041%))
  Logic Levels:           4  (CARRY4=2 LUT2=1 LUT6=1)
  Clock Path Skew:        -0.036ns (DCD - SCD + CPR)
    Destination Clock Delay (DCD):    4.777ns = ( 14.777 - 10.000 ) 
    Source Clock Delay      (SCD):    5.073ns
    Clock Pessimism Removal (CPR):    0.260ns
  Clock Uncertainty:      0.035ns  ((TSJ^2 + TIJ^2)^1/2 + DJ) / 2 + PE
    Total System Jitter     (TSJ):    0.071ns
    Total Input Jitter      (TIJ):    0.000ns
    Discrete Jitter          (DJ):    0.000ns
    Phase Error              (PE):    0.000ns

    Location             Delay type                Incr(ns)  Path(ns)    Netlist Resource(s)
  -------------------------------------------------------------------    -------------------
                         (clock sys_clk rise edge)    0.000     0.000 r  
    W5                                                0.000     0.000 r  clk (IN)
                         net (fo=0)                   0.000     0.000    clk
    W5                   IBUF (Prop_ibuf_I_O)         1.458     1.458 r  clk_IBUF_inst/O
                         net (fo=1, routed)           1.967     3.425    clk_IBUF
    BUFGCTRL_X0Y0        BUFG (Prop_bufg_I_O)         0.096     3.521 r  clk_IBUF_BUFG_inst/O
                         net (fo=68, routed)          1.552     5.073    filter/CLK
    SLICE_X15Y22         FDRE                                         r  filter/clean_stuff_reg[4]/C
  -------------------------------------------------------------------    -------------------
    SLICE_X15Y22         FDRE (Prop_fdre_C_Q)         0.456     5.529 r  filter/clean_stuff_reg[4]/Q
                         net (fo=14, routed)          1.473     7.003    filter/A_32[4]
    SLICE_X14Y22         LUT6 (Prop_lut6_I3_O)        0.124     7.127 r  filter/timer1_carry_i_3/O
                         net (fo=1, routed)           0.000     7.127    filter/timer1_carry_i_3_n_0
    SLICE_X14Y22         CARRY4 (Prop_carry4_S[1]_CO[3])
                                                      0.533     7.660 r  filter/timer1_carry/CO[3]
                         net (fo=1, routed)           0.000     7.660    filter/timer1_carry_n_0
    SLICE_X14Y23         CARRY4 (Prop_carry4_CI_CO[1])
                                                      0.157     7.817 f  filter/timer1_carry__0/CO[1]
                         net (fo=2, routed)           0.572     8.389    filter/timer1_carry__0_n_2
    SLICE_X13Y26         LUT2 (Prop_lut2_I1_O)        0.332     8.721 r  filter/timer[0]_i_1/O
                         net (fo=20, routed)          0.687     9.408    filter/timer[0]_i_1_n_0
    SLICE_X12Y27         FDRE                                         r  filter/timer_reg[5]/R
  -------------------------------------------------------------------    -------------------

                         (clock sys_clk rise edge)   10.000    10.000 r  
    W5                                                0.000    10.000 r  clk (IN)
                         net (fo=0)                   0.000    10.000    clk
    W5                   IBUF (Prop_ibuf_I_O)         1.388    11.388 r  clk_IBUF_inst/O
                         net (fo=1, routed)           1.862    13.250    clk_IBUF
    BUFGCTRL_X0Y0        BUFG (Prop_bufg_I_O)         0.091    13.341 r  clk_IBUF_BUFG_inst/O
                         net (fo=68, routed)          1.436    14.777    filter/CLK
    SLICE_X12Y27         FDRE                                         r  filter/timer_reg[5]/C
                         clock pessimism              0.260    15.037    
                         clock uncertainty           -0.035    15.002    
    SLICE_X12Y27         FDRE (Setup_fdre_C_R)       -0.524    14.478    filter/timer_reg[5]
  -------------------------------------------------------------------
                         required time                         14.478    
                         arrival time                          -9.408    
  -------------------------------------------------------------------
                         slack                                  5.070    





Min Delay Paths
--------------------------------------------------------------------------------------
Slack (MET) :             0.119ns  (arrival time - required time)
  Source:                 filter/sync_0_reg[5]/C
                            (rising edge-triggered cell FDRE clocked by sys_clk  {rise@0.000ns fall@5.000ns period=10.000ns})
  Destination:            filter/sync_1_reg[5]/D
                            (rising edge-triggered cell FDRE clocked by sys_clk  {rise@0.000ns fall@5.000ns period=10.000ns})
  Path Group:             sys_clk
  Path Type:              Hold (Min at Fast Process Corner)
  Requirement:            0.000ns  (sys_clk rise@0.000ns - sys_clk rise@0.000ns)
  Data Path Delay:        0.197ns  (logic 0.141ns (71.611%)  route 0.056ns (28.389%))
  Logic Levels:           0  
  Clock Path Skew:        0.000ns (DCD - SCD - CPR)
    Destination Clock Delay (DCD):    1.951ns
    Source Clock Delay      (SCD):    1.439ns
    Clock Pessimism Removal (CPR):    0.512ns

    Location             Delay type                Incr(ns)  Path(ns)    Netlist Resource(s)
  -------------------------------------------------------------------    -------------------
                         (clock sys_clk rise edge)    0.000     0.000 r  
    W5                                                0.000     0.000 r  clk (IN)
                         net (fo=0)                   0.000     0.000    clk
    W5                   IBUF (Prop_ibuf_I_O)         0.226     0.226 r  clk_IBUF_inst/O
                         net (fo=1, routed)           0.631     0.858    clk_IBUF
    BUFGCTRL_X0Y0        BUFG (Prop_bufg_I_O)         0.026     0.884 r  clk_IBUF_BUFG_inst/O
                         net (fo=68, routed)          0.556     1.439    filter/CLK
    SLICE_X15Y21         FDRE                                         r  filter/sync_0_reg[5]/C
  -------------------------------------------------------------------    -------------------
    SLICE_X15Y21         FDRE (Prop_fdre_C_Q)         0.141     1.580 r  filter/sync_0_reg[5]/Q
                         net (fo=1, routed)           0.056     1.636    filter/sync_0[5]
    SLICE_X15Y21         FDRE                                         r  filter/sync_1_reg[5]/D
  -------------------------------------------------------------------    -------------------

                         (clock sys_clk rise edge)    0.000     0.000 r  
    W5                                                0.000     0.000 r  clk (IN)
                         net (fo=0)                   0.000     0.000    clk
    W5                   IBUF (Prop_ibuf_I_O)         0.414     0.414 r  clk_IBUF_inst/O
                         net (fo=1, routed)           0.685     1.099    clk_IBUF
    BUFGCTRL_X0Y0        BUFG (Prop_bufg_I_O)         0.029     1.128 r  clk_IBUF_BUFG_inst/O
                         net (fo=68, routed)          0.824     1.951    filter/CLK
    SLICE_X15Y21         FDRE                                         r  filter/sync_1_reg[5]/C
                         clock pessimism             -0.512     1.439    
    SLICE_X15Y21         FDRE (Hold_fdre_C_D)         0.078     1.517    filter/sync_1_reg[5]
  -------------------------------------------------------------------
                         required time                         -1.517    
                         arrival time                           1.636    
  -------------------------------------------------------------------
                         slack                                  0.119    

Slack (MET) :             0.121ns  (arrival time - required time)
  Source:                 filter/sync_0_reg[4]/C
                            (rising edge-triggered cell FDRE clocked by sys_clk  {rise@0.000ns fall@5.000ns period=10.000ns})
  Destination:            filter/sync_1_reg[4]/D
                            (rising edge-triggered cell FDRE clocked by sys_clk  {rise@0.000ns fall@5.000ns period=10.000ns})
  Path Group:             sys_clk
  Path Type:              Hold (Min at Fast Process Corner)
  Requirement:            0.000ns  (sys_clk rise@0.000ns - sys_clk rise@0.000ns)
  Data Path Delay:        0.197ns  (logic 0.141ns (71.611%)  route 0.056ns (28.389%))
  Logic Levels:           0  
  Clock Path Skew:        0.000ns (DCD - SCD - CPR)
    Destination Clock Delay (DCD):    1.951ns
    Source Clock Delay      (SCD):    1.439ns
    Clock Pessimism Removal (CPR):    0.512ns

    Location             Delay type                Incr(ns)  Path(ns)    Netlist Resource(s)
  -------------------------------------------------------------------    -------------------
                         (clock sys_clk rise edge)    0.000     0.000 r  
    W5                                                0.000     0.000 r  clk (IN)
                         net (fo=0)                   0.000     0.000    clk
    W5                   IBUF (Prop_ibuf_I_O)         0.226     0.226 r  clk_IBUF_inst/O
                         net (fo=1, routed)           0.631     0.858    clk_IBUF
    BUFGCTRL_X0Y0        BUFG (Prop_bufg_I_O)         0.026     0.884 r  clk_IBUF_BUFG_inst/O
                         net (fo=68, routed)          0.556     1.439    filter/CLK
    SLICE_X15Y21         FDRE                                         r  filter/sync_0_reg[4]/C
  -------------------------------------------------------------------    -------------------
    SLICE_X15Y21         FDRE (Prop_fdre_C_Q)         0.141     1.580 r  filter/sync_0_reg[4]/Q
                         net (fo=1, routed)           0.056     1.636    filter/sync_0[4]
    SLICE_X15Y21         FDRE                                         r  filter/sync_1_reg[4]/D
  -------------------------------------------------------------------    -------------------

                         (clock sys_clk rise edge)    0.000     0.000 r  
    W5                                                0.000     0.000 r  clk (IN)
                         net (fo=0)                   0.000     0.000    clk
    W5                   IBUF (Prop_ibuf_I_O)         0.414     0.414 r  clk_IBUF_inst/O
                         net (fo=1, routed)           0.685     1.099    clk_IBUF
    BUFGCTRL_X0Y0        BUFG (Prop_bufg_I_O)         0.029     1.128 r  clk_IBUF_BUFG_inst/O
                         net (fo=68, routed)          0.824     1.951    filter/CLK
    SLICE_X15Y21         FDRE                                         r  filter/sync_1_reg[4]/C
                         clock pessimism             -0.512     1.439    
    SLICE_X15Y21         FDRE (Hold_fdre_C_D)         0.076     1.515    filter/sync_1_reg[4]
  -------------------------------------------------------------------
                         required time                         -1.515    
                         arrival time                           1.636    
  -------------------------------------------------------------------
                         slack                                  0.121    

Slack (MET) :             0.122ns  (arrival time - required time)
  Source:                 filter/sync_0_reg[2]/C
                            (rising edge-triggered cell FDRE clocked by sys_clk  {rise@0.000ns fall@5.000ns period=10.000ns})
  Destination:            filter/sync_1_reg[2]/D
                            (rising edge-triggered cell FDRE clocked by sys_clk  {rise@0.000ns fall@5.000ns period=10.000ns})
  Path Group:             sys_clk
  Path Type:              Hold (Min at Fast Process Corner)
  Requirement:            0.000ns  (sys_clk rise@0.000ns - sys_clk rise@0.000ns)
  Data Path Delay:        0.197ns  (logic 0.141ns (71.611%)  route 0.056ns (28.389%))
  Logic Levels:           0  
  Clock Path Skew:        0.000ns (DCD - SCD - CPR)
    Destination Clock Delay (DCD):    1.951ns
    Source Clock Delay      (SCD):    1.439ns
    Clock Pessimism Removal (CPR):    0.512ns

    Location             Delay type                Incr(ns)  Path(ns)    Netlist Resource(s)
  -------------------------------------------------------------------    -------------------
                         (clock sys_clk rise edge)    0.000     0.000 r  
    W5                                                0.000     0.000 r  clk (IN)
                         net (fo=0)                   0.000     0.000    clk
    W5                   IBUF (Prop_ibuf_I_O)         0.226     0.226 r  clk_IBUF_inst/O
                         net (fo=1, routed)           0.631     0.858    clk_IBUF
    BUFGCTRL_X0Y0        BUFG (Prop_bufg_I_O)         0.026     0.884 r  clk_IBUF_BUFG_inst/O
                         net (fo=68, routed)          0.556     1.439    filter/CLK
    SLICE_X15Y21         FDRE                                         r  filter/sync_0_reg[2]/C
  -------------------------------------------------------------------    -------------------
    SLICE_X15Y21         FDRE (Prop_fdre_C_Q)         0.141     1.580 r  filter/sync_0_reg[2]/Q
                         net (fo=1, routed)           0.056     1.636    filter/sync_0[2]
    SLICE_X15Y21         FDRE                                         r  filter/sync_1_reg[2]/D
  -------------------------------------------------------------------    -------------------

                         (clock sys_clk rise edge)    0.000     0.000 r  
    W5                                                0.000     0.000 r  clk (IN)
                         net (fo=0)                   0.000     0.000    clk
    W5                   IBUF (Prop_ibuf_I_O)         0.414     0.414 r  clk_IBUF_inst/O
                         net (fo=1, routed)           0.685     1.099    clk_IBUF
    BUFGCTRL_X0Y0        BUFG (Prop_bufg_I_O)         0.029     1.128 r  clk_IBUF_BUFG_inst/O
                         net (fo=68, routed)          0.824     1.951    filter/CLK
    SLICE_X15Y21         FDRE                                         r  filter/sync_1_reg[2]/C
                         clock pessimism             -0.512     1.439    
    SLICE_X15Y21         FDRE (Hold_fdre_C_D)         0.075     1.514    filter/sync_1_reg[2]
  -------------------------------------------------------------------
                         required time                         -1.514    
                         arrival time                           1.636    
  -------------------------------------------------------------------
                         slack                                  0.122    

Slack (MET) :             0.126ns  (arrival time - required time)
  Source:                 filter/sync_0_reg[3]/C
                            (rising edge-triggered cell FDRE clocked by sys_clk  {rise@0.000ns fall@5.000ns period=10.000ns})
  Destination:            filter/sync_1_reg[3]/D
                            (rising edge-triggered cell FDRE clocked by sys_clk  {rise@0.000ns fall@5.000ns period=10.000ns})
  Path Group:             sys_clk
  Path Type:              Hold (Min at Fast Process Corner)
  Requirement:            0.000ns  (sys_clk rise@0.000ns - sys_clk rise@0.000ns)
  Data Path Delay:        0.197ns  (logic 0.141ns (71.611%)  route 0.056ns (28.389%))
  Logic Levels:           0  
  Clock Path Skew:        0.000ns (DCD - SCD - CPR)
    Destination Clock Delay (DCD):    1.951ns
    Source Clock Delay      (SCD):    1.439ns
    Clock Pessimism Removal (CPR):    0.512ns

    Location             Delay type                Incr(ns)  Path(ns)    Netlist Resource(s)
  -------------------------------------------------------------------    -------------------
                         (clock sys_clk rise edge)    0.000     0.000 r  
    W5                                                0.000     0.000 r  clk (IN)
                         net (fo=0)                   0.000     0.000    clk
    W5                   IBUF (Prop_ibuf_I_O)         0.226     0.226 r  clk_IBUF_inst/O
                         net (fo=1, routed)           0.631     0.858    clk_IBUF
    BUFGCTRL_X0Y0        BUFG (Prop_bufg_I_O)         0.026     0.884 r  clk_IBUF_BUFG_inst/O
                         net (fo=68, routed)          0.556     1.439    filter/CLK
    SLICE_X15Y21         FDRE                                         r  filter/sync_0_reg[3]/C
  -------------------------------------------------------------------    -------------------
    SLICE_X15Y21         FDRE (Prop_fdre_C_Q)         0.141     1.580 r  filter/sync_0_reg[3]/Q
                         net (fo=1, routed)           0.056     1.636    filter/sync_0[3]
    SLICE_X15Y21         FDRE                                         r  filter/sync_1_reg[3]/D
  -------------------------------------------------------------------    -------------------

                         (clock sys_clk rise edge)    0.000     0.000 r  
    W5                                                0.000     0.000 r  clk (IN)
                         net (fo=0)                   0.000     0.000    clk
    W5                   IBUF (Prop_ibuf_I_O)         0.414     0.414 r  clk_IBUF_inst/O
                         net (fo=1, routed)           0.685     1.099    clk_IBUF
    BUFGCTRL_X0Y0        BUFG (Prop_bufg_I_O)         0.029     1.128 r  clk_IBUF_BUFG_inst/O
                         net (fo=68, routed)          0.824     1.951    filter/CLK
    SLICE_X15Y21         FDRE                                         r  filter/sync_1_reg[3]/C
                         clock pessimism             -0.512     1.439    
    SLICE_X15Y21         FDRE (Hold_fdre_C_D)         0.071     1.510    filter/sync_1_reg[3]
  -------------------------------------------------------------------
                         required time                         -1.510    
                         arrival time                           1.636    
  -------------------------------------------------------------------
                         slack                                  0.126    

Slack (MET) :             0.179ns  (arrival time - required time)
  Source:                 filter/sync_0_reg[15]/C
                            (rising edge-triggered cell FDRE clocked by sys_clk  {rise@0.000ns fall@5.000ns period=10.000ns})
  Destination:            filter/sync_1_reg[15]/D
                            (rising edge-triggered cell FDRE clocked by sys_clk  {rise@0.000ns fall@5.000ns period=10.000ns})
  Path Group:             sys_clk
  Path Type:              Hold (Min at Fast Process Corner)
  Requirement:            0.000ns  (sys_clk rise@0.000ns - sys_clk rise@0.000ns)
  Data Path Delay:        0.251ns  (logic 0.141ns (56.174%)  route 0.110ns (43.826%))
  Logic Levels:           0  
  Clock Path Skew:        0.000ns (DCD - SCD - CPR)
    Destination Clock Delay (DCD):    1.950ns
    Source Clock Delay      (SCD):    1.439ns
    Clock Pessimism Removal (CPR):    0.511ns

    Location             Delay type                Incr(ns)  Path(ns)    Netlist Resource(s)
  -------------------------------------------------------------------    -------------------
                         (clock sys_clk rise edge)    0.000     0.000 r  
    W5                                                0.000     0.000 r  clk (IN)
                         net (fo=0)                   0.000     0.000    clk
    W5                   IBUF (Prop_ibuf_I_O)         0.226     0.226 r  clk_IBUF_inst/O
                         net (fo=1, routed)           0.631     0.858    clk_IBUF
    BUFGCTRL_X0Y0        BUFG (Prop_bufg_I_O)         0.026     0.884 r  clk_IBUF_BUFG_inst/O
                         net (fo=68, routed)          0.556     1.439    filter/CLK
    SLICE_X15Y27         FDRE                                         r  filter/sync_0_reg[15]/C
  -------------------------------------------------------------------    -------------------
    SLICE_X15Y27         FDRE (Prop_fdre_C_Q)         0.141     1.580 r  filter/sync_0_reg[15]/Q
                         net (fo=1, routed)           0.110     1.690    filter/sync_0[15]
    SLICE_X15Y27         FDRE                                         r  filter/sync_1_reg[15]/D
  -------------------------------------------------------------------    -------------------

                         (clock sys_clk rise edge)    0.000     0.000 r  
    W5                                                0.000     0.000 r  clk (IN)
                         net (fo=0)                   0.000     0.000    clk
    W5                   IBUF (Prop_ibuf_I_O)         0.414     0.414 r  clk_IBUF_inst/O
                         net (fo=1, routed)           0.685     1.099    clk_IBUF
    BUFGCTRL_X0Y0        BUFG (Prop_bufg_I_O)         0.029     1.128 r  clk_IBUF_BUFG_inst/O
                         net (fo=68, routed)          0.823     1.950    filter/CLK
    SLICE_X15Y27         FDRE                                         r  filter/sync_1_reg[15]/C
                         clock pessimism             -0.511     1.439    
    SLICE_X15Y27         FDRE (Hold_fdre_C_D)         0.072     1.511    filter/sync_1_reg[15]
  -------------------------------------------------------------------
                         required time                         -1.511    
                         arrival time                           1.690    
  -------------------------------------------------------------------
                         slack                                  0.179    

Slack (MET) :             0.193ns  (arrival time - required time)
  Source:                 filter/sync_0_reg[7]/C
                            (rising edge-triggered cell FDRE clocked by sys_clk  {rise@0.000ns fall@5.000ns period=10.000ns})
  Destination:            filter/sync_1_reg[7]/D
                            (rising edge-triggered cell FDRE clocked by sys_clk  {rise@0.000ns fall@5.000ns period=10.000ns})
  Path Group:             sys_clk
  Path Type:              Hold (Min at Fast Process Corner)
  Requirement:            0.000ns  (sys_clk rise@0.000ns - sys_clk rise@0.000ns)
  Data Path Delay:        0.257ns  (logic 0.141ns (54.812%)  route 0.116ns (45.188%))
  Logic Levels:           0  
  Clock Path Skew:        0.012ns (DCD - SCD - CPR)
    Destination Clock Delay (DCD):    1.952ns
    Source Clock Delay      (SCD):    1.442ns
    Clock Pessimism Removal (CPR):    0.498ns

    Location             Delay type                Incr(ns)  Path(ns)    Netlist Resource(s)
  -------------------------------------------------------------------    -------------------
                         (clock sys_clk rise edge)    0.000     0.000 r  
    W5                                                0.000     0.000 r  clk (IN)
                         net (fo=0)                   0.000     0.000    clk
    W5                   IBUF (Prop_ibuf_I_O)         0.226     0.226 r  clk_IBUF_inst/O
                         net (fo=1, routed)           0.631     0.858    clk_IBUF
    BUFGCTRL_X0Y0        BUFG (Prop_bufg_I_O)         0.026     0.884 r  clk_IBUF_BUFG_inst/O
                         net (fo=68, routed)          0.559     1.442    filter/CLK
    SLICE_X13Y18         FDRE                                         r  filter/sync_0_reg[7]/C
  -------------------------------------------------------------------    -------------------
    SLICE_X13Y18         FDRE (Prop_fdre_C_Q)         0.141     1.583 r  filter/sync_0_reg[7]/Q
                         net (fo=1, routed)           0.116     1.699    filter/sync_0[7]
    SLICE_X12Y20         FDRE                                         r  filter/sync_1_reg[7]/D
  -------------------------------------------------------------------    -------------------

                         (clock sys_clk rise edge)    0.000     0.000 r  
    W5                                                0.000     0.000 r  clk (IN)
                         net (fo=0)                   0.000     0.000    clk
    W5                   IBUF (Prop_ibuf_I_O)         0.414     0.414 r  clk_IBUF_inst/O
                         net (fo=1, routed)           0.685     1.099    clk_IBUF
    BUFGCTRL_X0Y0        BUFG (Prop_bufg_I_O)         0.029     1.128 r  clk_IBUF_BUFG_inst/O
                         net (fo=68, routed)          0.825     1.952    filter/CLK
    SLICE_X12Y20         FDRE                                         r  filter/sync_1_reg[7]/C
                         clock pessimism             -0.498     1.454    
    SLICE_X12Y20         FDRE (Hold_fdre_C_D)         0.052     1.506    filter/sync_1_reg[7]
  -------------------------------------------------------------------
                         required time                         -1.506    
                         arrival time                           1.699    
  -------------------------------------------------------------------
                         slack                                  0.193    

Slack (MET) :             0.238ns  (arrival time - required time)
  Source:                 filter/sync_0_reg[6]/C
                            (rising edge-triggered cell FDRE clocked by sys_clk  {rise@0.000ns fall@5.000ns period=10.000ns})
  Destination:            filter/sync_1_reg[6]/D
                            (rising edge-triggered cell FDRE clocked by sys_clk  {rise@0.000ns fall@5.000ns period=10.000ns})
  Path Group:             sys_clk
  Path Type:              Hold (Min at Fast Process Corner)
  Requirement:            0.000ns  (sys_clk rise@0.000ns - sys_clk rise@0.000ns)
  Data Path Delay:        0.309ns  (logic 0.141ns (45.649%)  route 0.168ns (54.351%))
  Logic Levels:           0  
  Clock Path Skew:        0.012ns (DCD - SCD - CPR)
    Destination Clock Delay (DCD):    1.952ns
    Source Clock Delay      (SCD):    1.442ns
    Clock Pessimism Removal (CPR):    0.498ns

    Location             Delay type                Incr(ns)  Path(ns)    Netlist Resource(s)
  -------------------------------------------------------------------    -------------------
                         (clock sys_clk rise edge)    0.000     0.000 r  
    W5                                                0.000     0.000 r  clk (IN)
                         net (fo=0)                   0.000     0.000    clk
    W5                   IBUF (Prop_ibuf_I_O)         0.226     0.226 r  clk_IBUF_inst/O
                         net (fo=1, routed)           0.631     0.858    clk_IBUF
    BUFGCTRL_X0Y0        BUFG (Prop_bufg_I_O)         0.026     0.884 r  clk_IBUF_BUFG_inst/O
                         net (fo=68, routed)          0.559     1.442    filter/CLK
    SLICE_X13Y18         FDRE                                         r  filter/sync_0_reg[6]/C
  -------------------------------------------------------------------    -------------------
    SLICE_X13Y18         FDRE (Prop_fdre_C_Q)         0.141     1.583 r  filter/sync_0_reg[6]/Q
                         net (fo=1, routed)           0.168     1.751    filter/sync_0[6]
    SLICE_X12Y20         FDRE                                         r  filter/sync_1_reg[6]/D
  -------------------------------------------------------------------    -------------------

                         (clock sys_clk rise edge)    0.000     0.000 r  
    W5                                                0.000     0.000 r  clk (IN)
                         net (fo=0)                   0.000     0.000    clk
    W5                   IBUF (Prop_ibuf_I_O)         0.414     0.414 r  clk_IBUF_inst/O
                         net (fo=1, routed)           0.685     1.099    clk_IBUF
    BUFGCTRL_X0Y0        BUFG (Prop_bufg_I_O)         0.029     1.128 r  clk_IBUF_BUFG_inst/O
                         net (fo=68, routed)          0.825     1.952    filter/CLK
    SLICE_X12Y20         FDRE                                         r  filter/sync_1_reg[6]/C
                         clock pessimism             -0.498     1.454    
    SLICE_X12Y20         FDRE (Hold_fdre_C_D)         0.059     1.513    filter/sync_1_reg[6]
  -------------------------------------------------------------------
                         required time                         -1.513    
                         arrival time                           1.751    
  -------------------------------------------------------------------
                         slack                                  0.238    

Slack (MET) :             0.241ns  (arrival time - required time)
  Source:                 filter/sync_1_reg[6]/C
                            (rising edge-triggered cell FDRE clocked by sys_clk  {rise@0.000ns fall@5.000ns period=10.000ns})
  Destination:            filter/clean_stuff_reg[6]/D
                            (rising edge-triggered cell FDRE clocked by sys_clk  {rise@0.000ns fall@5.000ns period=10.000ns})
  Path Group:             sys_clk
  Path Type:              Hold (Min at Fast Process Corner)
  Requirement:            0.000ns  (sys_clk rise@0.000ns - sys_clk rise@0.000ns)
  Data Path Delay:        0.328ns  (logic 0.164ns (49.973%)  route 0.164ns (50.027%))
  Logic Levels:           0  
  Clock Path Skew:        0.012ns (DCD - SCD - CPR)
    Destination Clock Delay (DCD):    1.950ns
    Source Clock Delay      (SCD):    1.440ns
    Clock Pessimism Removal (CPR):    0.498ns

    Location             Delay type                Incr(ns)  Path(ns)    Netlist Resource(s)
  -------------------------------------------------------------------    -------------------
                         (clock sys_clk rise edge)    0.000     0.000 r  
    W5                                                0.000     0.000 r  clk (IN)
                         net (fo=0)                   0.000     0.000    clk
    W5                   IBUF (Prop_ibuf_I_O)         0.226     0.226 r  clk_IBUF_inst/O
                         net (fo=1, routed)           0.631     0.858    clk_IBUF
    BUFGCTRL_X0Y0        BUFG (Prop_bufg_I_O)         0.026     0.884 r  clk_IBUF_BUFG_inst/O
                         net (fo=68, routed)          0.557     1.440    filter/CLK
    SLICE_X12Y20         FDRE                                         r  filter/sync_1_reg[6]/C
  -------------------------------------------------------------------    -------------------
    SLICE_X12Y20         FDRE (Prop_fdre_C_Q)         0.164     1.604 r  filter/sync_1_reg[6]/Q
                         net (fo=2, routed)           0.164     1.768    filter/sync_1[6]
    SLICE_X15Y22         FDRE                                         r  filter/clean_stuff_reg[6]/D
  -------------------------------------------------------------------    -------------------

                         (clock sys_clk rise edge)    0.000     0.000 r  
    W5                                                0.000     0.000 r  clk (IN)
                         net (fo=0)                   0.000     0.000    clk
    W5                   IBUF (Prop_ibuf_I_O)         0.414     0.414 r  clk_IBUF_inst/O
                         net (fo=1, routed)           0.685     1.099    clk_IBUF
    BUFGCTRL_X0Y0        BUFG (Prop_bufg_I_O)         0.029     1.128 r  clk_IBUF_BUFG_inst/O
                         net (fo=68, routed)          0.823     1.950    filter/CLK
    SLICE_X15Y22         FDRE                                         r  filter/clean_stuff_reg[6]/C
                         clock pessimism             -0.498     1.452    
    SLICE_X15Y22         FDRE (Hold_fdre_C_D)         0.075     1.527    filter/clean_stuff_reg[6]
  -------------------------------------------------------------------
                         required time                         -1.527    
                         arrival time                           1.768    
  -------------------------------------------------------------------
                         slack                                  0.241    

Slack (MET) :             0.241ns  (arrival time - required time)
  Source:                 filter/sync_0_reg[14]/C
                            (rising edge-triggered cell FDRE clocked by sys_clk  {rise@0.000ns fall@5.000ns period=10.000ns})
  Destination:            filter/sync_1_reg[14]/D
                            (rising edge-triggered cell FDRE clocked by sys_clk  {rise@0.000ns fall@5.000ns period=10.000ns})
  Path Group:             sys_clk
  Path Type:              Hold (Min at Fast Process Corner)
  Requirement:            0.000ns  (sys_clk rise@0.000ns - sys_clk rise@0.000ns)
  Data Path Delay:        0.311ns  (logic 0.141ns (45.298%)  route 0.170ns (54.702%))
  Logic Levels:           0  
  Clock Path Skew:        0.000ns (DCD - SCD - CPR)
    Destination Clock Delay (DCD):    1.950ns
    Source Clock Delay      (SCD):    1.439ns
    Clock Pessimism Removal (CPR):    0.511ns

    Location             Delay type                Incr(ns)  Path(ns)    Netlist Resource(s)
  -------------------------------------------------------------------    -------------------
                         (clock sys_clk rise edge)    0.000     0.000 r  
    W5                                                0.000     0.000 r  clk (IN)
                         net (fo=0)                   0.000     0.000    clk
    W5                   IBUF (Prop_ibuf_I_O)         0.226     0.226 r  clk_IBUF_inst/O
                         net (fo=1, routed)           0.631     0.858    clk_IBUF
    BUFGCTRL_X0Y0        BUFG (Prop_bufg_I_O)         0.026     0.884 r  clk_IBUF_BUFG_inst/O
                         net (fo=68, routed)          0.556     1.439    filter/CLK
    SLICE_X15Y27         FDRE                                         r  filter/sync_0_reg[14]/C
  -------------------------------------------------------------------    -------------------
    SLICE_X15Y27         FDRE (Prop_fdre_C_Q)         0.141     1.580 r  filter/sync_0_reg[14]/Q
                         net (fo=1, routed)           0.170     1.750    filter/sync_0[14]
    SLICE_X15Y27         FDRE                                         r  filter/sync_1_reg[14]/D
  -------------------------------------------------------------------    -------------------

                         (clock sys_clk rise edge)    0.000     0.000 r  
    W5                                                0.000     0.000 r  clk (IN)
                         net (fo=0)                   0.000     0.000    clk
    W5                   IBUF (Prop_ibuf_I_O)         0.414     0.414 r  clk_IBUF_inst/O
                         net (fo=1, routed)           0.685     1.099    clk_IBUF
    BUFGCTRL_X0Y0        BUFG (Prop_bufg_I_O)         0.029     1.128 r  clk_IBUF_BUFG_inst/O
                         net (fo=68, routed)          0.823     1.950    filter/CLK
    SLICE_X15Y27         FDRE                                         r  filter/sync_1_reg[14]/C
                         clock pessimism             -0.511     1.439    
    SLICE_X15Y27         FDRE (Hold_fdre_C_D)         0.070     1.509    filter/sync_1_reg[14]
  -------------------------------------------------------------------
                         required time                         -1.509    
                         arrival time                           1.750    
  -------------------------------------------------------------------
                         slack                                  0.241    

Slack (MET) :             0.241ns  (arrival time - required time)
  Source:                 filter/sync_1_reg[8]/C
                            (rising edge-triggered cell FDRE clocked by sys_clk  {rise@0.000ns fall@5.000ns period=10.000ns})
  Destination:            filter/clean_stuff_reg[8]/D
                            (rising edge-triggered cell FDRE clocked by sys_clk  {rise@0.000ns fall@5.000ns period=10.000ns})
  Path Group:             sys_clk
  Path Type:              Hold (Min at Fast Process Corner)
  Requirement:            0.000ns  (sys_clk rise@0.000ns - sys_clk rise@0.000ns)
  Data Path Delay:        0.329ns  (logic 0.164ns (49.799%)  route 0.165ns (50.201%))
  Logic Levels:           0  
  Clock Path Skew:        0.012ns (DCD - SCD - CPR)
    Destination Clock Delay (DCD):    1.950ns
    Source Clock Delay      (SCD):    1.440ns
    Clock Pessimism Removal (CPR):    0.498ns

    Location             Delay type                Incr(ns)  Path(ns)    Netlist Resource(s)
  -------------------------------------------------------------------    -------------------
                         (clock sys_clk rise edge)    0.000     0.000 r  
    W5                                                0.000     0.000 r  clk (IN)
                         net (fo=0)                   0.000     0.000    clk
    W5                   IBUF (Prop_ibuf_I_O)         0.226     0.226 r  clk_IBUF_inst/O
                         net (fo=1, routed)           0.631     0.858    clk_IBUF
    BUFGCTRL_X0Y0        BUFG (Prop_bufg_I_O)         0.026     0.884 r  clk_IBUF_BUFG_inst/O
                         net (fo=68, routed)          0.557     1.440    filter/CLK
    SLICE_X12Y20         FDRE                                         r  filter/sync_1_reg[8]/C
  -------------------------------------------------------------------    -------------------
    SLICE_X12Y20         FDRE (Prop_fdre_C_Q)         0.164     1.604 r  filter/sync_1_reg[8]/Q
                         net (fo=2, routed)           0.165     1.769    filter/sync_1[8]
    SLICE_X15Y22         FDRE                                         r  filter/clean_stuff_reg[8]/D
  -------------------------------------------------------------------    -------------------

                         (clock sys_clk rise edge)    0.000     0.000 r  
    W5                                                0.000     0.000 r  clk (IN)
                         net (fo=0)                   0.000     0.000    clk
    W5                   IBUF (Prop_ibuf_I_O)         0.414     0.414 r  clk_IBUF_inst/O
                         net (fo=1, routed)           0.685     1.099    clk_IBUF
    BUFGCTRL_X0Y0        BUFG (Prop_bufg_I_O)         0.029     1.128 r  clk_IBUF_BUFG_inst/O
                         net (fo=68, routed)          0.823     1.950    filter/CLK
    SLICE_X15Y22         FDRE                                         r  filter/clean_stuff_reg[8]/C
                         clock pessimism             -0.498     1.452    
    SLICE_X15Y22         FDRE (Hold_fdre_C_D)         0.076     1.528    filter/clean_stuff_reg[8]
  -------------------------------------------------------------------
                         required time                         -1.528    
                         arrival time                           1.769    
  -------------------------------------------------------------------
                         slack                                  0.241    





Pulse Width Checks
--------------------------------------------------------------------------------------
Clock Name:         sys_clk
Waveform(ns):       { 0.000 5.000 }
Period(ns):         10.000
Sources:            { clk }

Check Type        Corner  Lib Pin  Reference Pin  Required(ns)  Actual(ns)  Slack(ns)  Location       Pin
Min Period        n/a     BUFG/I   n/a            2.155         10.000      7.845      BUFGCTRL_X0Y0  clk_IBUF_BUFG_inst/I
Min Period        n/a     FDRE/C   n/a            1.000         10.000      9.000      SLICE_X14Y23   filter/clean_stuff_reg[0]/C
Min Period        n/a     FDRE/C   n/a            1.000         10.000      9.000      SLICE_X14Y21   filter/clean_stuff_reg[10]/C
Min Period        n/a     FDRE/C   n/a            1.000         10.000      9.000      SLICE_X13Y22   filter/clean_stuff_reg[11]/C
Min Period        n/a     FDRE/C   n/a            1.000         10.000      9.000      SLICE_X15Y23   filter/clean_stuff_reg[12]/C
Min Period        n/a     FDRE/C   n/a            1.000         10.000      9.000      SLICE_X15Y23   filter/clean_stuff_reg[13]/C
Min Period        n/a     FDRE/C   n/a            1.000         10.000      9.000      SLICE_X15Y24   filter/clean_stuff_reg[14]/C
Min Period        n/a     FDRE/C   n/a            1.000         10.000      9.000      SLICE_X15Y24   filter/clean_stuff_reg[15]/C
Min Period        n/a     FDRE/C   n/a            1.000         10.000      9.000      SLICE_X14Y23   filter/clean_stuff_reg[1]/C
Min Period        n/a     FDRE/C   n/a            1.000         10.000      9.000      SLICE_X15Y22   filter/clean_stuff_reg[2]/C
Low Pulse Width   Slow    FDRE/C   n/a            0.500         5.000       4.500      SLICE_X14Y21   filter/clean_stuff_reg[10]/C
Low Pulse Width   Fast    FDRE/C   n/a            0.500         5.000       4.500      SLICE_X15Y24   filter/clean_stuff_reg[14]/C
Low Pulse Width   Fast    FDRE/C   n/a            0.500         5.000       4.500      SLICE_X15Y24   filter/clean_stuff_reg[15]/C
Low Pulse Width   Slow    FDRE/C   n/a            0.500         5.000       4.500      SLICE_X15Y21   filter/sync_0_reg[2]/C
Low Pulse Width   Slow    FDRE/C   n/a            0.500         5.000       4.500      SLICE_X15Y21   filter/sync_0_reg[3]/C
Low Pulse Width   Slow    FDRE/C   n/a            0.500         5.000       4.500      SLICE_X15Y21   filter/sync_0_reg[4]/C
Low Pulse Width   Slow    FDRE/C   n/a            0.500         5.000       4.500      SLICE_X15Y21   filter/sync_0_reg[5]/C
Low Pulse Width   Slow    FDRE/C   n/a            0.500         5.000       4.500      SLICE_X14Y28   filter/sync_1_reg[12]/C
Low Pulse Width   Slow    FDRE/C   n/a            0.500         5.000       4.500      SLICE_X15Y21   filter/sync_1_reg[2]/C
Low Pulse Width   Slow    FDRE/C   n/a            0.500         5.000       4.500      SLICE_X15Y21   filter/sync_1_reg[3]/C
High Pulse Width  Slow    FDRE/C   n/a            0.500         5.000       4.500      SLICE_X15Y24   filter/clean_stuff_reg[14]/C
High Pulse Width  Slow    FDRE/C   n/a            0.500         5.000       4.500      SLICE_X15Y24   filter/clean_stuff_reg[15]/C
High Pulse Width  Fast    FDRE/C   n/a            0.500         5.000       4.500      SLICE_X12Y16   filter/sync_0_reg[0]/C
High Pulse Width  Fast    FDRE/C   n/a            0.500         5.000       4.500      SLICE_X12Y16   filter/sync_0_reg[10]/C
High Pulse Width  Fast    FDRE/C   n/a            0.500         5.000       4.500      SLICE_X12Y16   filter/sync_0_reg[11]/C
High Pulse Width  Slow    FDRE/C   n/a            0.500         5.000       4.500      SLICE_X14Y31   filter/sync_0_reg[12]/C
High Pulse Width  Slow    FDRE/C   n/a            0.500         5.000       4.500      SLICE_X14Y31   filter/sync_0_reg[13]/C
High Pulse Width  Fast    FDRE/C   n/a            0.500         5.000       4.500      SLICE_X12Y16   filter/sync_0_reg[1]/C
High Pulse Width  Slow    FDRE/C   n/a            0.500         5.000       4.500      SLICE_X13Y18   filter/sync_0_reg[6]/C
High Pulse Width  Slow    FDRE/C   n/a            0.500         5.000       4.500      SLICE_X13Y18   filter/sync_0_reg[7]/C



